  Generating code
c:\program files (x86)\microsoft visual studio 14.0\vc\include\ostream(992): warning C4710: 'class std::basic_ostream<char,struct std::char_traits<char> > & __ptr64 __cdecl std::basic_ostream<char,struct std::char_traits<char> >::put(char) __ptr64': function not inlined
c:\program files (x86)\microsoft visual studio 14.0\vc\include\ostream(992): warning C4710: 'char __cdecl std::basic_ios<char,struct std::char_traits<char> >::widen(char)const __ptr64': function not inlined
c:\program files (x86)\microsoft visual studio 14.0\vc\include\ostream(993): warning C4710: 'class std::basic_ostream<char,struct std::char_traits<char> > & __ptr64 __cdecl std::basic_ostream<char,struct std::char_traits<char> >::flush(void) __ptr64': function not inlined
c:\program files (x86)\microsoft visual studio 14.0\vc\include\ostream(125): warning C4710: 'class std::basic_ostream<char,struct std::char_traits<char> > & __ptr64 __cdecl std::basic_ostream<char,struct std::char_traits<char> >::flush(void) __ptr64': function not inlined
c:\program files (x86)\microsoft visual studio 14.0\vc\include\ostream(133): warning C4710: 'void __cdecl std::basic_ostream<char,struct std::char_traits<char> >::_Osfx(void) __ptr64': function not inlined
c:\program files (x86)\microsoft visual studio 14.0\vc\include\xutility(287): warning C4710: '__cdecl std::_Wrap_alloc<class std::allocator<int> >::_Wrap_alloc<class std::allocator<int> >(struct std::_Wrap_alloc<class std::allocator<int> > && __ptr64) __ptr64': function not inlined
c:\program files (x86)\microsoft visual studio 14.0\vc\include\xmemory0(913): warning C4710: '__cdecl std::_Wrap_alloc<class std::allocator<int> >::_Wrap_alloc<class std::allocator<int> ><class std::allocator<int> >(class std::allocator<int> && __ptr64) __ptr64': function not inlined
c:\program files (x86)\microsoft visual studio 14.0\vc\include\xutility(279): warning C4710: '__cdecl std::_Wrap_alloc<class std::allocator<int> >::_Wrap_alloc<class std::allocator<int> >(void) __ptr64': function not inlined
c:\program files (x86)\microsoft visual studio 14.0\vc\include\xutility(279): warning C4710: '__cdecl std::_Wrap_alloc<class std::allocator<class std::vector<int,class std::allocator<int> > > >::_Wrap_alloc<class std::allocator<class std::vector<int,class std::allocator<int> > > >(void) __ptr64': function not inlined
c:\program files (x86)\microsoft visual studio 14.0\vc\include\xutility(287): warning C4710: '__cdecl std::_Wrap_alloc<class std::allocator<class std::vector<int,class std::allocator<int> > > >::_Wrap_alloc<class std::allocator<class std::vector<int,class std::allocator<int> > > >(struct std::_Wrap_alloc<class std::allocator<class std::vector<int,class std::allocator<int> > > > && __ptr64) __ptr64': function not inlined
c:\program files (x86)\microsoft visual studio 14.0\vc\include\xmemory0(913): warning C4710: '__cdecl std::_Wrap_alloc<class std::allocator<class std::vector<int,class std::allocator<int> > > >::_Wrap_alloc<class std::allocator<class std::vector<int,class std::allocator<int> > > ><class std::allocator<class std::vector<int,class std::allocator<int> > > >(class std::allocator<class std::vector<int,class std::allocator<int> > > && __ptr64) __ptr64': function not inlined
c:\program files (x86)\microsoft visual studio 14.0\vc\include\ostream(125): warning C4710: 'class std::basic_ostream<char,struct std::char_traits<char> > & __ptr64 __cdecl std::basic_ostream<char,struct std::char_traits<char> >::flush(void) __ptr64': function not inlined
c:\program files (x86)\microsoft visual studio 14.0\vc\include\ostream(840): warning C4710: 'int __cdecl std::basic_streambuf<char,struct std::char_traits<char> >::sputc(char) __ptr64': function not inlined
c:\program files (x86)\microsoft visual studio 14.0\vc\include\ostream(845): warning C4710: 'int __cdecl std::basic_streambuf<char,struct std::char_traits<char> >::sputc(char) __ptr64': function not inlined
c:\program files (x86)\microsoft visual studio 14.0\vc\include\ostream(851): warning C4710: 'int __cdecl std::basic_streambuf<char,struct std::char_traits<char> >::sputc(char) __ptr64': function not inlined
c:\program files (x86)\microsoft visual studio 14.0\vc\include\ostream(854): warning C4710: 'void __cdecl std::basic_ios<char,struct std::char_traits<char> >::setstate(int,bool) __ptr64': function not inlined
c:\program files (x86)\microsoft visual studio 14.0\vc\include\ostream(858): warning C4710: 'void __cdecl std::basic_ios<char,struct std::char_traits<char> >::setstate(int,bool) __ptr64': function not inlined
c:\program files (x86)\microsoft visual studio 14.0\vc\include\ostream(133): warning C4710: 'void __cdecl std::basic_ostream<char,struct std::char_traits<char> >::_Osfx(void) __ptr64': function not inlined
c:\program files (x86)\microsoft visual studio 14.0\vc\include\ostream(125): warning C4710: 'class std::basic_ostream<char,struct std::char_traits<char> > & __ptr64 __cdecl std::basic_ostream<char,struct std::char_traits<char> >::flush(void) __ptr64': function not inlined
c:\program files (x86)\microsoft visual studio 14.0\vc\include\ostream(796): warning C4710: 'int __cdecl std::basic_streambuf<char,struct std::char_traits<char> >::sputc(char) __ptr64': function not inlined
c:\program files (x86)\microsoft visual studio 14.0\vc\include\ostream(804): warning C4710: '__int64 __cdecl std::basic_streambuf<char,struct std::char_traits<char> >::sputn(char const * __ptr64,__int64) __ptr64': function not inlined
c:\program files (x86)\microsoft visual studio 14.0\vc\include\ostream(809): warning C4710: 'int __cdecl std::basic_streambuf<char,struct std::char_traits<char> >::sputc(char) __ptr64': function not inlined
c:\program files (x86)\microsoft visual studio 14.0\vc\include\ostream(816): warning C4710: 'void __cdecl std::basic_ios<char,struct std::char_traits<char> >::setstate(int,bool) __ptr64': function not inlined
c:\program files (x86)\microsoft visual studio 14.0\vc\include\ostream(819): warning C4710: 'void __cdecl std::basic_ios<char,struct std::char_traits<char> >::setstate(int,bool) __ptr64': function not inlined
c:\program files (x86)\microsoft visual studio 14.0\vc\include\ostream(133): warning C4710: 'void __cdecl std::basic_ostream<char,struct std::char_traits<char> >::_Osfx(void) __ptr64': function not inlined
c:\program files (x86)\microsoft visual studio 14.0\vc\include\vector(1581): warning C4710: 'void __cdecl std::_Destroy_range<class std::allocator<int>,int * __ptr64>(int * __ptr64,int * __ptr64,struct std::_Wrap_alloc<class std::allocator<int> > & __ptr64)': function not inlined
c:\program files (x86)\microsoft visual studio 14.0\vc\include\xutility(287): warning C4710: '__cdecl std::_Wrap_alloc<class std::allocator<int> >::_Wrap_alloc<class std::allocator<int> >(struct std::_Wrap_alloc<class std::allocator<int> > && __ptr64) __ptr64': function not inlined
c:\program files (x86)\microsoft visual studio 14.0\vc\include\xutility(279): warning C4710: '__cdecl std::_Wrap_alloc<class std::allocator<int> >::_Wrap_alloc<class std::allocator<int> >(void) __ptr64': function not inlined
c:\program files (x86)\microsoft visual studio 14.0\vc\include\xutility(279): warning C4710: '__cdecl std::_Wrap_alloc<class std::allocator<class std::vector<int,class std::allocator<int> > > >::_Wrap_alloc<class std::allocator<class std::vector<int,class std::allocator<int> > > >(void) __ptr64': function not inlined
c:\program files (x86)\microsoft visual studio 14.0\vc\include\xutility(287): warning C4710: '__cdecl std::_Wrap_alloc<class std::allocator<class std::vector<int,class std::allocator<int> > > >::_Wrap_alloc<class std::allocator<class std::vector<int,class std::allocator<int> > > >(struct std::_Wrap_alloc<class std::allocator<class std::vector<int,class std::allocator<int> > > > && __ptr64) __ptr64': function not inlined
c:\program files (x86)\microsoft visual studio 14.0\vc\include\vector(869): warning C4710: 'void __cdecl std::_Vector_alloc<struct std::_Vec_base_types<int,class std::allocator<int> > >::_Swap_all(class std::_Vector_alloc<struct std::_Vec_base_types<int,class std::allocator<int> > > & __ptr64) __ptr64': function not inlined
c:\program files (x86)\microsoft visual studio 14.0\vc\include\vector(1534): warning C4710: 'void __cdecl std::vector<int,class std::allocator<int> >::_Destroy(int * __ptr64,int * __ptr64) __ptr64': function not inlined
c:\program files (x86)\microsoft visual studio 14.0\vc\include\vector(1639): warning C4710: 'void __cdecl std::_Vector_alloc<struct std::_Vec_base_types<int,class std::allocator<int> > >::_Orphan_all(void) __ptr64': function not inlined
c:\program files (x86)\microsoft visual studio 14.0\vc\include\vector(1640): warning C4710: 'void __cdecl std::vector<int,class std::allocator<int> >::_Destroy(int * __ptr64,int * __ptr64) __ptr64': function not inlined
c:\program files (x86)\microsoft visual studio 14.0\vc\include\xutility(279): warning C4710: '__cdecl std::_Wrap_alloc<class std::allocator<int> >::_Wrap_alloc<class std::allocator<int> >(void) __ptr64': function not inlined
c:\program files (x86)\microsoft visual studio 14.0\vc\include\xutility(279): warning C4710: '__cdecl std::_Wrap_alloc<class std::allocator<class std::vector<int,class std::allocator<int> > > >::_Wrap_alloc<class std::allocator<class std::vector<int,class std::allocator<int> > > >(void) __ptr64': function not inlined
c:\program files (x86)\microsoft visual studio 14.0\vc\include\vector(1572): warning C4710: 'int * __ptr64 __cdecl std::_Wrap_alloc<class std::allocator<int> >::allocate(unsigned __int64) __ptr64': function not inlined
c:\program files (x86)\microsoft visual studio 14.0\vc\include\vector(1572): warning C4710: 'class std::vector<int,class std::allocator<int> > * __ptr64 __cdecl std::_Wrap_alloc<class std::allocator<class std::vector<int,class std::allocator<int> > > >::allocate(unsigned __int64) __ptr64': function not inlined
c:\program files (x86)\microsoft visual studio 14.0\vc\include\xutility(287): warning C4710: '__cdecl std::_Wrap_alloc<class std::allocator<int> >::_Wrap_alloc<class std::allocator<int> >(struct std::_Wrap_alloc<class std::allocator<int> > && __ptr64) __ptr64': function not inlined
c:\program files (x86)\microsoft visual studio 14.0\vc\include\vector(869): warning C4710: 'void __cdecl std::_Vector_alloc<struct std::_Vec_base_types<int,class std::allocator<int> > >::_Swap_all(class std::_Vector_alloc<struct std::_Vec_base_types<int,class std::allocator<int> > > & __ptr64) __ptr64': function not inlined
c:\program files (x86)\microsoft visual studio 14.0\vc\include\vector(976): warning C4710: 'void __cdecl std::vector<int,class std::allocator<int> >::_Tidy(void) __ptr64': function not inlined
c:\program files (x86)\microsoft visual studio 14.0\vc\include\xutility(279): warning C4710: '__cdecl std::_Wrap_alloc<class std::allocator<int> >::_Wrap_alloc<class std::allocator<int> >(void) __ptr64': function not inlined
c:\program files (x86)\microsoft visual studio 14.0\vc\include\vector(1607): warning C4710: 'void __cdecl std::_Wrap_alloc<class std::allocator<int> >::deallocate(int * __ptr64,unsigned __int64) __ptr64': function not inlined
c:\program files (x86)\microsoft visual studio 14.0\vc\include\vector(1614): warning C4710: 'void __cdecl std::vector<int,class std::allocator<int> >::_Destroy(int * __ptr64,int * __ptr64) __ptr64': function not inlined
c:\program files (x86)\microsoft visual studio 14.0\vc\include\vector(1619): warning C4710: 'void __cdecl std::_Vector_alloc<struct std::_Vec_base_types<int,class std::allocator<int> > >::_Orphan_all(void) __ptr64': function not inlined
c:\program files (x86)\microsoft visual studio 14.0\vc\include\xmemory0(913): warning C4710: '__cdecl std::_Wrap_alloc<class std::allocator<int> >::_Wrap_alloc<class std::allocator<int> ><class std::allocator<int> >(class std::allocator<int> && __ptr64) __ptr64': function not inlined
c:\program files (x86)\microsoft visual studio 14.0\vc\include\xutility(287): warning C4710: '__cdecl std::_Wrap_alloc<class std::allocator<int> >::_Wrap_alloc<class std::allocator<int> >(struct std::_Wrap_alloc<class std::allocator<int> > && __ptr64) __ptr64': function not inlined
c:\program files (x86)\microsoft visual studio 14.0\vc\include\vector(1572): warning C4710: 'int * __ptr64 __cdecl std::_Wrap_alloc<class std::allocator<int> >::allocate(unsigned __int64) __ptr64': function not inlined
c:\program files (x86)\microsoft visual studio 14.0\vc\include\vector(754): warning C4710: 'void __cdecl std::vector<int,class std::allocator<int> >::_Tidy(void) __ptr64': function not inlined
c:\users\1\desktop\cplusplus-tasks\matrix\matrix\matrix.cpp(22): warning C4711: function 'unsigned __int64 __cdecl Matrix::GetHeight(void)const __ptr64' selected for automatic inline expansion
c:\program files (x86)\microsoft visual studio 14.0\vc\include\xutility(287): warning C4710: '__cdecl std::_Wrap_alloc<class std::allocator<int> >::_Wrap_alloc<class std::allocator<int> >(struct std::_Wrap_alloc<class std::allocator<int> > && __ptr64) __ptr64': function not inlined
c:\program files (x86)\microsoft visual studio 14.0\vc\include\vector(869): warning C4710: 'void __cdecl std::_Vector_alloc<struct std::_Vec_base_types<int,class std::allocator<int> > >::_Swap_all(class std::_Vector_alloc<struct std::_Vec_base_types<int,class std::allocator<int> > > & __ptr64) __ptr64': function not inlined
c:\program files (x86)\microsoft visual studio 14.0\vc\include\vector(976): warning C4710: 'void __cdecl std::vector<int,class std::allocator<int> >::_Tidy(void) __ptr64': function not inlined
c:\program files (x86)\microsoft visual studio 14.0\vc\include\xutility(279): warning C4710: '__cdecl std::_Wrap_alloc<class std::allocator<int> >::_Wrap_alloc<class std::allocator<int> >(void) __ptr64': function not inlined
c:\program files (x86)\microsoft visual studio 14.0\vc\include\vector(1631): warning C4710: 'void __cdecl std::vector<int,class std::allocator<int> >::_Reallocate(unsigned __int64) __ptr64': function not inlined
c:\program files (x86)\microsoft visual studio 14.0\vc\include\xmemory0(737): warning C4710: '__cdecl std::vector<int,class std::allocator<int> >::vector<int,class std::allocator<int> >(class std::vector<int,class std::allocator<int> > const & __ptr64) __ptr64': function not inlined
c:\users\1\desktop\cplusplus-tasks\matrix\matrix\matrix.cpp(117): warning C4710: 'class std::basic_ostream<char,struct std::char_traits<char> > & __ptr64 __cdecl std::basic_ostream<char,struct std::char_traits<char> >::operator<<(int) __ptr64': function not inlined
c:\users\1\desktop\cplusplus-tasks\matrix\matrix\matrix.cpp(117): warning C4710: 'class std::basic_ostream<char,struct std::char_traits<char> > & __ptr64 __cdecl std::operator<<<struct std::char_traits<char> >(class std::basic_ostream<char,struct std::char_traits<char> > & __ptr64,char)': function not inlined
c:\users\1\desktop\cplusplus-tasks\matrix\matrix\matrix.cpp(112): warning C4711: function 'unsigned __int64 __cdecl Matrix::GetHeight(void)const __ptr64' selected for automatic inline expansion
c:\users\1\desktop\cplusplus-tasks\matrix\matrix\matrix.cpp(117): warning C4711: function 'int __cdecl Matrix::GetValue(unsigned __int64,unsigned __int64)const __ptr64' selected for automatic inline expansion
c:\users\1\desktop\cplusplus-tasks\matrix\matrix\matrix.cpp(119): warning C4710: 'class std::basic_ostream<char,struct std::char_traits<char> > & __ptr64 __cdecl std::basic_ostream<char,struct std::char_traits<char> >::operator<<(class std::basic_ostream<char,struct std::char_traits<char> > & __ptr64 (__cdecl*)(class std::basic_ostream<char,struct std::char_traits<char> > & __ptr64)) __ptr64': function not inlined
c:\users\1\desktop\cplusplus-tasks\matrix\matrix\matrix.cpp(101): warning C4710: 'class std::basic_istream<char,struct std::char_traits<char> > & __ptr64 __cdecl std::basic_istream<char,struct std::char_traits<char> >::operator>>(int & __ptr64) __ptr64': function not inlined
c:\users\1\desktop\cplusplus-tasks\matrix\matrix\matrix.cpp(96): warning C4711: function 'unsigned __int64 __cdecl Matrix::GetHeight(void)const __ptr64' selected for automatic inline expansion
c:\users\1\desktop\cplusplus-tasks\matrix\matrix\matrix.cpp(102): warning C4711: function 'void __cdecl Matrix::SetValue(unsigned __int64,unsigned __int64,int) __ptr64' selected for automatic inline expansion
c:\program files (x86)\microsoft visual studio 14.0\vc\include\xutility(287): warning C4710: '__cdecl std::_Wrap_alloc<class std::allocator<int> >::_Wrap_alloc<class std::allocator<int> >(struct std::_Wrap_alloc<class std::allocator<int> > && __ptr64) __ptr64': function not inlined
c:\program files (x86)\microsoft visual studio 14.0\vc\include\vector(869): warning C4710: 'void __cdecl std::_Vector_alloc<struct std::_Vec_base_types<int,class std::allocator<int> > >::_Swap_all(class std::_Vector_alloc<struct std::_Vec_base_types<int,class std::allocator<int> > > & __ptr64) __ptr64': function not inlined
c:\program files (x86)\microsoft visual studio 14.0\vc\include\vector(976): warning C4710: 'void __cdecl std::vector<int,class std::allocator<int> >::_Tidy(void) __ptr64': function not inlined
c:\program files (x86)\microsoft visual studio 14.0\vc\include\xutility(279): warning C4710: '__cdecl std::_Wrap_alloc<class std::allocator<int> >::_Wrap_alloc<class std::allocator<int> >(void) __ptr64': function not inlined
c:\program files (x86)\microsoft visual studio 14.0\vc\include\vector(1534): warning C4710: 'void __cdecl std::vector<int,class std::allocator<int> >::_Destroy(int * __ptr64,int * __ptr64) __ptr64': function not inlined
c:\program files (x86)\microsoft visual studio 14.0\vc\include\vector(1631): warning C4710: 'void __cdecl std::vector<int,class std::allocator<int> >::_Reallocate(unsigned __int64) __ptr64': function not inlined
c:\program files (x86)\microsoft visual studio 14.0\vc\include\vector(1143): warning C4710: 'void __cdecl std::vector<int,class std::allocator<int> >::_Tidy(void) __ptr64': function not inlined
c:\program files (x86)\microsoft visual studio 14.0\vc\include\xmemory0(737): warning C4710: '__cdecl std::vector<int,class std::allocator<int> >::vector<int,class std::allocator<int> >(class std::vector<int,class std::allocator<int> > const & __ptr64) __ptr64': function not inlined
c:\program files (x86)\microsoft visual studio 14.0\vc\include\xutility(287): warning C4710: '__cdecl std::_Wrap_alloc<class std::allocator<int> >::_Wrap_alloc<class std::allocator<int> >(struct std::_Wrap_alloc<class std::allocator<int> > && __ptr64) __ptr64': function not inlined
c:\program files (x86)\microsoft visual studio 14.0\vc\include\vector(869): warning C4710: 'void __cdecl std::_Vector_alloc<struct std::_Vec_base_types<int,class std::allocator<int> > >::_Swap_all(class std::_Vector_alloc<struct std::_Vec_base_types<int,class std::allocator<int> > > & __ptr64) __ptr64': function not inlined
c:\program files (x86)\microsoft visual studio 14.0\vc\include\vector(976): warning C4710: 'void __cdecl std::vector<int,class std::allocator<int> >::_Tidy(void) __ptr64': function not inlined
c:\program files (x86)\microsoft visual studio 14.0\vc\include\xmemory0(737): warning C4710: '__cdecl std::vector<int,class std::allocator<int> >::vector<int,class std::allocator<int> >(class std::vector<int,class std::allocator<int> > const & __ptr64) __ptr64': function not inlined
c:\program files (x86)\microsoft visual studio 14.0\vc\include\vector(976): warning C4710: 'void __cdecl std::vector<int,class std::allocator<int> >::_Tidy(void) __ptr64': function not inlined
c:\program files (x86)\microsoft visual studio 14.0\vc\include\vector(976): warning C4710: 'void __cdecl std::vector<int,class std::allocator<int> >::_Tidy(void) __ptr64': function not inlined
c:\program files (x86)\microsoft visual studio 14.0\vc\include\vector(976): warning C4710: 'void __cdecl std::vector<int,class std::allocator<int> >::_Tidy(void) __ptr64': function not inlined
c:\program files (x86)\microsoft visual studio 14.0\vc\include\vector(976): warning C4710: 'void __cdecl std::vector<int,class std::allocator<int> >::_Tidy(void) __ptr64': function not inlined
c:\program files (x86)\microsoft visual studio 14.0\vc\include\xutility(287): warning C4710: '__cdecl std::_Wrap_alloc<class std::allocator<int> >::_Wrap_alloc<class std::allocator<int> >(struct std::_Wrap_alloc<class std::allocator<int> > && __ptr64) __ptr64': function not inlined
c:\program files (x86)\microsoft visual studio 14.0\vc\include\vector(869): warning C4710: 'void __cdecl std::_Vector_alloc<struct std::_Vec_base_types<int,class std::allocator<int> > >::_Swap_all(class std::_Vector_alloc<struct std::_Vec_base_types<int,class std::allocator<int> > > & __ptr64) __ptr64': function not inlined
c:\program files (x86)\microsoft visual studio 14.0\vc\include\vector(976): warning C4710: 'void __cdecl std::vector<int,class std::allocator<int> >::_Tidy(void) __ptr64': function not inlined
c:\program files (x86)\microsoft visual studio 14.0\vc\include\xmemory0(737): warning C4710: '__cdecl std::vector<int,class std::allocator<int> >::vector<int,class std::allocator<int> >(class std::vector<int,class std::allocator<int> > const & __ptr64) __ptr64': function not inlined
c:\program files (x86)\microsoft visual studio 14.0\vc\include\vector(976): warning C4710: 'void __cdecl std::vector<int,class std::allocator<int> >::_Tidy(void) __ptr64': function not inlined
c:\program files (x86)\microsoft visual studio 14.0\vc\include\xutility(279): warning C4710: '__cdecl std::_Wrap_alloc<class std::allocator<int> >::_Wrap_alloc<class std::allocator<int> >(void) __ptr64': function not inlined
c:\program files (x86)\microsoft visual studio 14.0\vc\include\vector(976): warning C4710: 'void __cdecl std::vector<int,class std::allocator<int> >::_Tidy(void) __ptr64': function not inlined
c:\program files (x86)\microsoft visual studio 14.0\vc\include\vector(1639): warning C4710: 'void __cdecl std::_Vector_alloc<struct std::_Vec_base_types<class std::vector<int,class std::allocator<int> >,class std::allocator<class std::vector<int,class std::allocator<int> > > > >::_Orphan_all(void) __ptr64': function not inlined
c:\program files (x86)\microsoft visual studio 14.0\vc\include\vector(976): warning C4710: 'void __cdecl std::vector<int,class std::allocator<int> >::_Tidy(void) __ptr64': function not inlined
c:\program files (x86)\microsoft visual studio 14.0\vc\include\vector(976): warning C4710: 'void __cdecl std::vector<int,class std::allocator<int> >::_Tidy(void) __ptr64': function not inlined
c:\program files (x86)\microsoft visual studio 14.0\vc\include\xmemory(303): warning C4710: 'class std::vector<int,class std::allocator<int> > * __ptr64 __cdecl std::_Uninitialized_move_al_unchecked1<class std::vector<int,class std::allocator<int> > * __ptr64,class std::vector<int,class std::allocator<int> > * __ptr64,class std::allocator<class std::vector<int,class std::allocator<int> > > >(class std::vector<int,class std::allocator<int> > * __ptr64,class std::vector<int,class std::allocator<int> > * __ptr64,class std::vector<int,class std::allocator<int> > * __ptr64,struct std::_Wrap_alloc<class std::allocator<class std::vector<int,class std::allocator<int> > > > & __ptr64,struct std::_General_ptr_iterator_tag,struct std::_Any_tag)': function not inlined
c:\program files (x86)\microsoft visual studio 14.0\vc\include\xmemory(249): warning C4710: 'class std::vector<int,class std::allocator<int> > * __ptr64 __cdecl std::_Uninitialized_copy_al_unchecked1<class std::vector<int,class std::allocator<int> > const * __ptr64,class std::vector<int,class std::allocator<int> > * __ptr64,class std::allocator<class std::vector<int,class std::allocator<int> > > >(class std::vector<int,class std::allocator<int> > const * __ptr64,class std::vector<int,class std::allocator<int> > const * __ptr64,class std::vector<int,class std::allocator<int> > * __ptr64,struct std::_Wrap_alloc<class std::allocator<class std::vector<int,class std::allocator<int> > > > & __ptr64,struct std::_General_ptr_iterator_tag,struct std::_Any_tag)': function not inlined
c:\program files (x86)\microsoft visual studio 14.0\vc\include\xmemory(481): warning C4710: 'void __cdecl std::_Uninitialized_default_fill_n1<class std::vector<int,class std::allocator<int> > * __ptr64,unsigned __int64,class std::allocator<class std::vector<int,class std::allocator<int> > > >(class std::vector<int,class std::allocator<int> > * __ptr64,unsigned __int64,struct std::_Wrap_alloc<class std::allocator<class std::vector<int,class std::allocator<int> > > > & __ptr64,struct std::integral_constant<bool,0>)': function not inlined
c:\program files (x86)\microsoft visual studio 14.0\vc\include\vector(976): warning C4710: 'void __cdecl std::vector<class std::vector<int,class std::allocator<int> >,class std::allocator<class std::vector<int,class std::allocator<int> > > >::_Tidy(void) __ptr64': function not inlined
c:\program files (x86)\microsoft visual studio 14.0\vc\include\xmemory(303): warning C4710: 'class std::vector<int,class std::allocator<int> > * __ptr64 __cdecl std::_Uninitialized_move_al_unchecked1<class std::vector<int,class std::allocator<int> > * __ptr64,class std::vector<int,class std::allocator<int> > * __ptr64,class std::allocator<class std::vector<int,class std::allocator<int> > > >(class std::vector<int,class std::allocator<int> > * __ptr64,class std::vector<int,class std::allocator<int> > * __ptr64,class std::vector<int,class std::allocator<int> > * __ptr64,struct std::_Wrap_alloc<class std::allocator<class std::vector<int,class std::allocator<int> > > > & __ptr64,struct std::_General_ptr_iterator_tag,struct std::_Any_tag)': function not inlined
c:\program files (x86)\microsoft visual studio 14.0\vc\include\xmemory(249): warning C4710: 'class std::vector<int,class std::allocator<int> > * __ptr64 __cdecl std::_Uninitialized_copy_al_unchecked1<class std::vector<int,class std::allocator<int> > const * __ptr64,class std::vector<int,class std::allocator<int> > * __ptr64,class std::allocator<class std::vector<int,class std::allocator<int> > > >(class std::vector<int,class std::allocator<int> > const * __ptr64,class std::vector<int,class std::allocator<int> > const * __ptr64,class std::vector<int,class std::allocator<int> > * __ptr64,struct std::_Wrap_alloc<class std::allocator<class std::vector<int,class std::allocator<int> > > > & __ptr64,struct std::_General_ptr_iterator_tag,struct std::_Any_tag)': function not inlined
c:\program files (x86)\microsoft visual studio 14.0\vc\include\vector(976): warning C4710: 'void __cdecl std::vector<class std::vector<int,class std::allocator<int> >,class std::allocator<class std::vector<int,class std::allocator<int> > > >::_Tidy(void) __ptr64': function not inlined
c:\program files (x86)\microsoft visual studio 14.0\vc\include\xutility(279): warning C4710: '__cdecl std::_Wrap_alloc<class std::allocator<class std::vector<int,class std::allocator<int> > > >::_Wrap_alloc<class std::allocator<class std::vector<int,class std::allocator<int> > > >(void) __ptr64': function not inlined
c:\program files (x86)\microsoft visual studio 14.0\vc\include\xmemory(303): warning C4710: 'class std::vector<int,class std::allocator<int> > * __ptr64 __cdecl std::_Uninitialized_move_al_unchecked1<class std::vector<int,class std::allocator<int> > * __ptr64,class std::vector<int,class std::allocator<int> > * __ptr64,class std::allocator<class std::vector<int,class std::allocator<int> > > >(class std::vector<int,class std::allocator<int> > * __ptr64,class std::vector<int,class std::allocator<int> > * __ptr64,class std::vector<int,class std::allocator<int> > * __ptr64,struct std::_Wrap_alloc<class std::allocator<class std::vector<int,class std::allocator<int> > > > & __ptr64,struct std::_General_ptr_iterator_tag,struct std::_Any_tag)': function not inlined
c:\program files (x86)\microsoft visual studio 14.0\vc\include\xmemory(249): warning C4710: 'class std::vector<int,class std::allocator<int> > * __ptr64 __cdecl std::_Uninitialized_copy_al_unchecked1<class std::vector<int,class std::allocator<int> > const * __ptr64,class std::vector<int,class std::allocator<int> > * __ptr64,class std::allocator<class std::vector<int,class std::allocator<int> > > >(class std::vector<int,class std::allocator<int> > const * __ptr64,class std::vector<int,class std::allocator<int> > const * __ptr64,class std::vector<int,class std::allocator<int> > * __ptr64,struct std::_Wrap_alloc<class std::allocator<class std::vector<int,class std::allocator<int> > > > & __ptr64,struct std::_General_ptr_iterator_tag,struct std::_Any_tag)': function not inlined
c:\program files (x86)\microsoft visual studio 14.0\vc\include\vector(976): warning C4710: 'void __cdecl std::vector<class std::vector<int,class std::allocator<int> >,class std::allocator<class std::vector<int,class std::allocator<int> > > >::_Tidy(void) __ptr64': function not inlined
c:\program files (x86)\microsoft visual studio 14.0\vc\include\xmemory(303): warning C4710: 'class std::vector<int,class std::allocator<int> > * __ptr64 __cdecl std::_Uninitialized_move_al_unchecked1<class std::vector<int,class std::allocator<int> > * __ptr64,class std::vector<int,class std::allocator<int> > * __ptr64,class std::allocator<class std::vector<int,class std::allocator<int> > > >(class std::vector<int,class std::allocator<int> > * __ptr64,class std::vector<int,class std::allocator<int> > * __ptr64,class std::vector<int,class std::allocator<int> > * __ptr64,struct std::_Wrap_alloc<class std::allocator<class std::vector<int,class std::allocator<int> > > > & __ptr64,struct std::_General_ptr_iterator_tag,struct std::_Any_tag)': function not inlined
c:\program files (x86)\microsoft visual studio 14.0\vc\include\vector(1607): warning C4710: 'void __cdecl std::_Wrap_alloc<class std::allocator<class std::vector<int,class std::allocator<int> > > >::deallocate(class std::vector<int,class std::allocator<int> > * __ptr64,unsigned __int64) __ptr64': function not inlined
c:\program files (x86)\microsoft visual studio 14.0\vc\include\vector(976): warning C4710: 'void __cdecl std::vector<int,class std::allocator<int> >::_Tidy(void) __ptr64': function not inlined
c:\program files (x86)\microsoft visual studio 14.0\vc\include\vector(1619): warning C4710: 'void __cdecl std::_Vector_alloc<struct std::_Vec_base_types<class std::vector<int,class std::allocator<int> >,class std::allocator<class std::vector<int,class std::allocator<int> > > > >::_Orphan_all(void) __ptr64': function not inlined
c:\program files (x86)\microsoft visual studio 14.0\vc\include\xmemory0(913): warning C4710: '__cdecl std::_Wrap_alloc<class std::allocator<class std::vector<int,class std::allocator<int> > > >::_Wrap_alloc<class std::allocator<class std::vector<int,class std::allocator<int> > > ><class std::allocator<class std::vector<int,class std::allocator<int> > > >(class std::allocator<class std::vector<int,class std::allocator<int> > > && __ptr64) __ptr64': function not inlined
c:\program files (x86)\microsoft visual studio 14.0\vc\include\xutility(287): warning C4710: '__cdecl std::_Wrap_alloc<class std::allocator<class std::vector<int,class std::allocator<int> > > >::_Wrap_alloc<class std::allocator<class std::vector<int,class std::allocator<int> > > >(struct std::_Wrap_alloc<class std::allocator<class std::vector<int,class std::allocator<int> > > > && __ptr64) __ptr64': function not inlined
c:\program files (x86)\microsoft visual studio 14.0\vc\include\vector(1572): warning C4710: 'class std::vector<int,class std::allocator<int> > * __ptr64 __cdecl std::_Wrap_alloc<class std::allocator<class std::vector<int,class std::allocator<int> > > >::allocate(unsigned __int64) __ptr64': function not inlined
c:\program files (x86)\microsoft visual studio 14.0\vc\include\xmemory(249): warning C4710: 'class std::vector<int,class std::allocator<int> > * __ptr64 __cdecl std::_Uninitialized_copy_al_unchecked1<class std::vector<int,class std::allocator<int> > const * __ptr64,class std::vector<int,class std::allocator<int> > * __ptr64,class std::allocator<class std::vector<int,class std::allocator<int> > > >(class std::vector<int,class std::allocator<int> > const * __ptr64,class std::vector<int,class std::allocator<int> > const * __ptr64,class std::vector<int,class std::allocator<int> > * __ptr64,struct std::_Wrap_alloc<class std::allocator<class std::vector<int,class std::allocator<int> > > > & __ptr64,struct std::_General_ptr_iterator_tag,struct std::_Any_tag)': function not inlined
c:\program files (x86)\microsoft visual studio 14.0\vc\include\vector(754): warning C4710: 'void __cdecl std::vector<class std::vector<int,class std::allocator<int> >,class std::allocator<class std::vector<int,class std::allocator<int> > > >::_Tidy(void) __ptr64': function not inlined
c:\program files (x86)\microsoft visual studio 14.0\vc\include\vector(1631): warning C4710: 'void __cdecl std::vector<class std::vector<int,class std::allocator<int> >,class std::allocator<class std::vector<int,class std::allocator<int> > > >::_Reallocate(unsigned __int64) __ptr64': function not inlined
c:\program files (x86)\microsoft visual studio 14.0\vc\include\vector(976): warning C4710: 'void __cdecl std::vector<int,class std::allocator<int> >::_Tidy(void) __ptr64': function not inlined
c:\program files (x86)\microsoft visual studio 14.0\vc\include\vector(1138): warning C4710: 'void __cdecl std::vector<class std::vector<int,class std::allocator<int> >,class std::allocator<class std::vector<int,class std::allocator<int> > > >::_Reserve(unsigned __int64) __ptr64': function not inlined
c:\program files (x86)\microsoft visual studio 14.0\vc\include\xmemory(481): warning C4710: 'void __cdecl std::_Uninitialized_default_fill_n1<class std::vector<int,class std::allocator<int> > * __ptr64,unsigned __int64,class std::allocator<class std::vector<int,class std::allocator<int> > > >(class std::vector<int,class std::allocator<int> > * __ptr64,unsigned __int64,struct std::_Wrap_alloc<class std::allocator<class std::vector<int,class std::allocator<int> > > > & __ptr64,struct std::integral_constant<bool,0>)': function not inlined
c:\program files (x86)\microsoft visual studio 14.0\vc\include\vector(1143): warning C4710: 'void __cdecl std::vector<class std::vector<int,class std::allocator<int> >,class std::allocator<class std::vector<int,class std::allocator<int> > > >::_Tidy(void) __ptr64': function not inlined
c:\users\1\desktop\cplusplus-tasks\matrix\matrix\matrix.cpp(6): warning C4710: 'void __cdecl std::vector<class std::vector<int,class std::allocator<int> >,class std::allocator<class std::vector<int,class std::allocator<int> > > >::resize(unsigned __int64) __ptr64': function not inlined
c:\users\1\desktop\cplusplus-tasks\matrix\matrix\matrix.cpp(9): warning C4710: 'void __cdecl std::vector<int,class std::allocator<int> >::resize(unsigned __int64) __ptr64': function not inlined
c:\program files (x86)\microsoft visual studio 14.0\vc\include\xutility(279): warning C4710: '__cdecl std::_Wrap_alloc<class std::allocator<class std::vector<int,class std::allocator<int> > > >::_Wrap_alloc<class std::allocator<class std::vector<int,class std::allocator<int> > > >(void) __ptr64': function not inlined
c:\users\1\desktop\cplusplus-tasks\matrix\matrix\matrix.cpp : warning C4710: '__cdecl std::vector<class std::vector<int,class std::allocator<int> >,class std::allocator<class std::vector<int,class std::allocator<int> > > >::vector<class std::vector<int,class std::allocator<int> >,class std::allocator<class std::vector<int,class std::allocator<int> > > >(class std::vector<class std::vector<int,class std::allocator<int> >,class std::allocator<class std::vector<int,class std::allocator<int> > > > const & __ptr64) __ptr64': function not inlined
c:\users\1\desktop\cplusplus-tasks\matrix\matrix\matrix.cpp(66): warning C4710: 'class std::basic_ostream<char,struct std::char_traits<char> > & __ptr64 __cdecl std::operator<<<struct std::char_traits<char> >(class std::basic_ostream<char,struct std::char_traits<char> > & __ptr64,char const * __ptr64)': function not inlined
c:\users\1\desktop\cplusplus-tasks\matrix\matrix\matrix.cpp(66): warning C4710: 'class std::basic_ostream<char,struct std::char_traits<char> > & __ptr64 __cdecl std::operator<<<struct std::char_traits<char> >(class std::basic_ostream<char,struct std::char_traits<char> > & __ptr64,char const * __ptr64)': function not inlined
c:\users\1\desktop\cplusplus-tasks\matrix\matrix\matrix.cpp(22): warning C4711: function 'unsigned __int64 __cdecl Matrix::GetHeight(void)const __ptr64' selected for automatic inline expansion
c:\users\1\desktop\cplusplus-tasks\matrix\matrix\matrix.cpp(64): warning C4711: function 'unsigned __int64 __cdecl Matrix::GetWidth(void)const __ptr64' selected for automatic inline expansion
c:\users\1\desktop\cplusplus-tasks\matrix\matrix\matrix.cpp(64): warning C4711: function 'unsigned __int64 __cdecl Matrix::GetHeight(void)const __ptr64' selected for automatic inline expansion
c:\program files (x86)\microsoft visual studio 14.0\vc\include\xutility(279): warning C4710: '__cdecl std::_Wrap_alloc<class std::allocator<class std::vector<int,class std::allocator<int> > > >::_Wrap_alloc<class std::allocator<class std::vector<int,class std::allocator<int> > > >(void) __ptr64': function not inlined
c:\users\1\desktop\cplusplus-tasks\matrix\matrix\matrix.cpp(69): warning C4710: '__cdecl std::vector<class std::vector<int,class std::allocator<int> >,class std::allocator<class std::vector<int,class std::allocator<int> > > >::vector<class std::vector<int,class std::allocator<int> >,class std::allocator<class std::vector<int,class std::allocator<int> > > >(class std::vector<class std::vector<int,class std::allocator<int> >,class std::allocator<class std::vector<int,class std::allocator<int> > > > const & __ptr64) __ptr64': function not inlined
c:\program files (x86)\microsoft visual studio 14.0\vc\include\vector(976): warning C4710: 'void __cdecl std::vector<class std::vector<int,class std::allocator<int> >,class std::allocator<class std::vector<int,class std::allocator<int> > > >::_Tidy(void) __ptr64': function not inlined
c:\users\1\desktop\cplusplus-tasks\matrix\matrix\matrix.cpp(73): warning C4711: function 'unsigned __int64 __cdecl Matrix::GetHeight(void)const __ptr64' selected for automatic inline expansion
c:\users\1\desktop\cplusplus-tasks\matrix\matrix\matrix.cpp(22): warning C4711: function 'unsigned __int64 __cdecl Matrix::GetHeight(void)const __ptr64' selected for automatic inline expansion
c:\users\1\desktop\cplusplus-tasks\matrix\matrix\matrix.cpp(74): warning C4711: function 'unsigned __int64 __cdecl Matrix::GetWidth(void)const __ptr64' selected for automatic inline expansion
c:\users\1\desktop\cplusplus-tasks\matrix\matrix\matrix.cpp(6): warning C4710: 'void __cdecl std::vector<class std::vector<int,class std::allocator<int> >,class std::allocator<class std::vector<int,class std::allocator<int> > > >::resize(unsigned __int64) __ptr64': function not inlined
c:\users\1\desktop\cplusplus-tasks\matrix\matrix\matrix.cpp(9): warning C4710: 'void __cdecl std::vector<int,class std::allocator<int> >::resize(unsigned __int64) __ptr64': function not inlined
c:\program files (x86)\microsoft visual studio 14.0\vc\include\xutility(279): warning C4710: '__cdecl std::_Wrap_alloc<class std::allocator<class std::vector<int,class std::allocator<int> > > >::_Wrap_alloc<class std::allocator<class std::vector<int,class std::allocator<int> > > >(void) __ptr64': function not inlined
c:\users\1\desktop\cplusplus-tasks\matrix\matrix\matrix.cpp(75): warning C4711: function '__cdecl Matrix::Matrix(unsigned __int64,unsigned __int64) __ptr64' selected for automatic inline expansion
c:\users\1\desktop\cplusplus-tasks\matrix\matrix\matrix.cpp(83): warning C4711: function 'int __cdecl Matrix::GetValue(unsigned __int64,unsigned __int64)const __ptr64' selected for automatic inline expansion
c:\users\1\desktop\cplusplus-tasks\matrix\matrix\matrix.cpp(83): warning C4711: function 'int __cdecl Matrix::GetValue(unsigned __int64,unsigned __int64)const __ptr64' selected for automatic inline expansion
c:\users\1\desktop\cplusplus-tasks\matrix\matrix\matrix.cpp(85): warning C4711: function 'void __cdecl Matrix::SetValue(unsigned __int64,unsigned __int64,int) __ptr64' selected for automatic inline expansion
c:\users\1\desktop\cplusplus-tasks\matrix\matrix\matrix.cpp(89): warning C4710: '__cdecl std::vector<class std::vector<int,class std::allocator<int> >,class std::allocator<class std::vector<int,class std::allocator<int> > > >::vector<class std::vector<int,class std::allocator<int> >,class std::allocator<class std::vector<int,class std::allocator<int> > > >(class std::vector<class std::vector<int,class std::allocator<int> >,class std::allocator<class std::vector<int,class std::allocator<int> > > > const & __ptr64) __ptr64': function not inlined
c:\program files (x86)\microsoft visual studio 14.0\vc\include\vector(976): warning C4710: 'void __cdecl std::vector<class std::vector<int,class std::allocator<int> >,class std::allocator<class std::vector<int,class std::allocator<int> > > >::_Tidy(void) __ptr64': function not inlined
c:\users\1\desktop\cplusplus-tasks\matrix\matrix\matrix.cpp(22): warning C4711: function 'unsigned __int64 __cdecl Matrix::GetHeight(void)const __ptr64' selected for automatic inline expansion
c:\users\1\desktop\cplusplus-tasks\matrix\matrix\matrix.cpp(47): warning C4711: function 'unsigned __int64 __cdecl Matrix::GetWidth(void)const __ptr64' selected for automatic inline expansion
c:\users\1\desktop\cplusplus-tasks\matrix\matrix\matrix.cpp(48): warning C4711: function 'unsigned __int64 __cdecl Matrix::GetHeight(void)const __ptr64' selected for automatic inline expansion
c:\users\1\desktop\cplusplus-tasks\matrix\matrix\matrix.cpp(6): warning C4710: 'void __cdecl std::vector<class std::vector<int,class std::allocator<int> >,class std::allocator<class std::vector<int,class std::allocator<int> > > >::resize(unsigned __int64) __ptr64': function not inlined
c:\users\1\desktop\cplusplus-tasks\matrix\matrix\matrix.cpp(9): warning C4710: 'void __cdecl std::vector<int,class std::allocator<int> >::resize(unsigned __int64) __ptr64': function not inlined
c:\program files (x86)\microsoft visual studio 14.0\vc\include\xutility(279): warning C4710: '__cdecl std::_Wrap_alloc<class std::allocator<class std::vector<int,class std::allocator<int> > > >::_Wrap_alloc<class std::allocator<class std::vector<int,class std::allocator<int> > > >(void) __ptr64': function not inlined
c:\users\1\desktop\cplusplus-tasks\matrix\matrix\matrix.cpp(49): warning C4711: function '__cdecl Matrix::Matrix(unsigned __int64,unsigned __int64) __ptr64' selected for automatic inline expansion
c:\users\1\desktop\cplusplus-tasks\matrix\matrix\matrix.cpp(54): warning C4711: function 'int __cdecl Matrix::GetValue(unsigned __int64,unsigned __int64)const __ptr64' selected for automatic inline expansion
c:\users\1\desktop\cplusplus-tasks\matrix\matrix\matrix.cpp(54): warning C4711: function 'void __cdecl Matrix::SetValue(unsigned __int64,unsigned __int64,int) __ptr64' selected for automatic inline expansion
c:\users\1\desktop\cplusplus-tasks\matrix\matrix\main.cpp(12): warning C4710: 'class std::basic_istream<char,struct std::char_traits<char> > & __ptr64 __cdecl std::basic_istream<char,struct std::char_traits<char> >::operator>>(int & __ptr64) __ptr64': function not inlined
c:\users\1\desktop\cplusplus-tasks\matrix\matrix\main.cpp(12): warning C4710: 'class std::basic_istream<char,struct std::char_traits<char> > & __ptr64 __cdecl std::basic_istream<char,struct std::char_traits<char> >::operator>>(int & __ptr64) __ptr64': function not inlined
c:\users\1\desktop\cplusplus-tasks\matrix\matrix\main.cpp(16): warning C4710: 'class std::basic_istream<char,struct std::char_traits<char> > & __ptr64 __cdecl std::basic_istream<char,struct std::char_traits<char> >::operator>>(int & __ptr64) __ptr64': function not inlined
c:\users\1\desktop\cplusplus-tasks\matrix\matrix\main.cpp(16): warning C4710: 'class std::basic_istream<char,struct std::char_traits<char> > & __ptr64 __cdecl std::basic_istream<char,struct std::char_traits<char> >::operator>>(int & __ptr64) __ptr64': function not inlined
c:\users\1\desktop\cplusplus-tasks\matrix\matrix\matrix.cpp(6): warning C4710: 'void __cdecl std::vector<class std::vector<int,class std::allocator<int> >,class std::allocator<class std::vector<int,class std::allocator<int> > > >::resize(unsigned __int64) __ptr64': function not inlined
c:\users\1\desktop\cplusplus-tasks\matrix\matrix\matrix.cpp(9): warning C4710: 'void __cdecl std::vector<int,class std::allocator<int> >::resize(unsigned __int64) __ptr64': function not inlined
c:\program files (x86)\microsoft visual studio 14.0\vc\include\xutility(279): warning C4710: '__cdecl std::_Wrap_alloc<class std::allocator<class std::vector<int,class std::allocator<int> > > >::_Wrap_alloc<class std::allocator<class std::vector<int,class std::allocator<int> > > >(void) __ptr64': function not inlined
c:\users\1\desktop\cplusplus-tasks\matrix\matrix\main.cpp(13): warning C4711: function '__cdecl Matrix::Matrix(unsigned __int64,unsigned __int64) __ptr64' selected for automatic inline expansion
c:\users\1\desktop\cplusplus-tasks\matrix\matrix\matrix.cpp(6): warning C4710: 'void __cdecl std::vector<class std::vector<int,class std::allocator<int> >,class std::allocator<class std::vector<int,class std::allocator<int> > > >::resize(unsigned __int64) __ptr64': function not inlined
c:\users\1\desktop\cplusplus-tasks\matrix\matrix\matrix.cpp(9): warning C4710: 'void __cdecl std::vector<int,class std::allocator<int> >::resize(unsigned __int64) __ptr64': function not inlined
c:\program files (x86)\microsoft visual studio 14.0\vc\include\xutility(279): warning C4710: '__cdecl std::_Wrap_alloc<class std::allocator<class std::vector<int,class std::allocator<int> > > >::_Wrap_alloc<class std::allocator<class std::vector<int,class std::allocator<int> > > >(void) __ptr64': function not inlined
c:\users\1\desktop\cplusplus-tasks\matrix\matrix\main.cpp(17): warning C4711: function '__cdecl Matrix::Matrix(unsigned __int64,unsigned __int64) __ptr64' selected for automatic inline expansion
c:\users\1\desktop\cplusplus-tasks\matrix\matrix\main.cpp(22): warning C4710: 'class std::basic_ostream<char,struct std::char_traits<char> > & __ptr64 __cdecl std::basic_ostream<char,struct std::char_traits<char> >::operator<<(class std::basic_ostream<char,struct std::char_traits<char> > & __ptr64 (__cdecl*)(class std::basic_ostream<char,struct std::char_traits<char> > & __ptr64)) __ptr64': function not inlined
c:\users\1\desktop\cplusplus-tasks\matrix\matrix\main.cpp(23): warning C4710: 'class std::basic_ostream<char,struct std::char_traits<char> > & __ptr64 __cdecl std::basic_ostream<char,struct std::char_traits<char> >::operator<<(class std::basic_ostream<char,struct std::char_traits<char> > & __ptr64 (__cdecl*)(class std::basic_ostream<char,struct std::char_traits<char> > & __ptr64)) __ptr64': function not inlined
c:\program files (x86)\microsoft visual studio 14.0\vc\include\vector(976): warning C4710: 'void __cdecl std::vector<class std::vector<int,class std::allocator<int> >,class std::allocator<class std::vector<int,class std::allocator<int> > > >::_Tidy(void) __ptr64': function not inlined
c:\program files (x86)\microsoft visual studio 14.0\vc\include\vector(976): warning C4710: 'void __cdecl std::vector<class std::vector<int,class std::allocator<int> >,class std::allocator<class std::vector<int,class std::allocator<int> > > >::_Tidy(void) __ptr64': function not inlined
c:\program files (x86)\microsoft visual studio 14.0\vc\include\vector(976): warning C4710: 'void __cdecl std::vector<class std::vector<int,class std::allocator<int> >,class std::allocator<class std::vector<int,class std::allocator<int> > > >::_Tidy(void) __ptr64': function not inlined
c:\program files (x86)\microsoft visual studio 14.0\vc\include\vector(976): warning C4710: 'void __cdecl std::vector<class std::vector<int,class std::allocator<int> >,class std::allocator<class std::vector<int,class std::allocator<int> > > >::_Tidy(void) __ptr64': function not inlined
  Finished generating code
  All 207 functions were compiled because no usable IPDB/IOBJ from previous compilation was found.
  Matrix.vcxproj -> C:\Users\1\Desktop\cplusplus-tasks\Matrix\x64\Release\Matrix.exe
  Matrix.vcxproj -> C:\Users\1\Desktop\cplusplus-tasks\Matrix\x64\Release\Matrix.pdb (Full PDB)
